============================================================
OpenDatasheet Batch Processor — Full Company IC Library
============================================================
PDF source: /home/ubuntu/.openclaw/workspace/projects/opendatasheet/data/pdfs/all
Output dir: /home/ubuntu/.openclaw/workspace/projects/opendatasheet/data/extracted_v2
Total new PDFs to process: 310


[1/310] 0130-00-00027_LT1761ES5-BYP#PBF.pdf

============================================================
Processing: 0130-00-00027_LT1761ES5-BYP#PBF.pdf
============================================================

L0 Page Classification (0.072s):
  Total pages: 22
  Electrical: 4 pages
  Pin defs:   1 pages
  Vision targets: 6 pages → [0, 1, 3, 4, 5, 13]
  ★ P 1 [cover       ]  2325 chars
  ★ P 2 [electrical  ]  3211 chars
    P 3 [other       ]  2616 chars
  ★ P 4 [electrical  ]  2535 chars
  ★ P 5 [electrical  ]  2252 chars
  ★ P 6 [electrical  ]  4254 chars
    P 7 [other       ]  1583 chars
    P 8 [other       ]  1555 chars
    P 9 [other       ]  1888 chars
    P10 [other       ]  2216 chars
    P11 [other       ]  1939 chars
    P12 [other       ]  1868 chars
    P13 [other       ]  1113 chars
  ★ P14 [pin         ]  2856 chars
    P15 [other       ]  3893 chars
    P16 [other       ]  3317 chars
    P17 [other       ]  2790 chars
    P18 [other       ]  2776 chars
    P19 [other       ]  1807 chars
    P20 [other       ]   668 chars
    P21 [other       ]   477 chars
    P22 [other       ]  1654 chars

  Rendered 6 pages → 2387 KB

L1 Vision Extraction (66.5s):
  Component: LT1761 Series (Linear Technology)
  Category:  LDO
  Abs Max Ratings:  11 params
  Elec Chars:       43 params
  Pin Definitions:  5 pins
  Devices:  ['All', 'LT1761', 'LT1761-1.2', 'LT1761-1.5', 'LT1761-1.8', 'LT1761-2', 'LT1761-2.5', 'LT1761-2.8', 'LT1761-3', 'LT1761-3.3', 'LT1761-5']
  Temp ranges: ['25C', 'full']

L1b Pin Extraction:
  Pages: [0, 13] (2 images, 866 KB)
  Logical pins: 6
  Direction distribution: {'POWER_IN': 2, 'INPUT': 2, 'PASSIVE': 1, 'POWER_OUT': 1}
  Signal type distribution: {'POWER': 3, 'DIGITAL': 1, 'ANALOG': 2}
  Packages found: ['TSOT-23-5']
  Validation: 0 errors, 2 warnings
    ⚠️ package 'TSOT-23-5' pin 3 claimed by multiple logical pins: ['SHDN', 'BYP']
    ⚠️ package 'TSOT-23-5' pin 4 claimed by multiple logical pins: ['BYP', 'ADJ']

  Pin Index (package-indexed):
    TSOT-23-5: 5 pins

L2 Validation:
  Total checks: 51
  Passed: 50
  Failed: 1
  ❌ Output Short-Circuit Duration: Suspicious unit: Indefinite

L3 Cross-Validation:
  Value coverage: 97/97 (100.0%)
  Param alignment: 54/54 verified

L5 Physics Validation:
  Total checks: 13
  Passed: 13
  Failed: 0
  ✓ 54 params extracted

[2/310] 0130-00-00031_TPS7A3701DRVR.pdf

============================================================
Processing: 0130-00-00031_TPS7A3701DRVR.pdf
============================================================

L0 Page Classification (0.150s):
  Total pages: 33
  Electrical: 7 pages
  Pin defs:   0 pages
  Vision targets: 8 pages → [0, 1, 2, 3, 4, 18, 20, 21]
  ★ P 1 [cover       ]  1246 chars
  ★ P 2 [electrical  ]  3192 chars
  ★ P 3 [electrical  ]  2268 chars
  ★ P 4 [electrical  ]  1072 chars
  ★ P 5 [electrical  ]  2401 chars
    P 6 [other       ]  1441 chars
    P 7 [other       ]  1262 chars
    P 8 [other       ]  1434 chars
    P 9 [other       ]  1002 chars
    P10 [other       ]   868 chars
    P11 [other       ]   802 chars
    P12 [other       ]  2236 chars
    P13 [other       ]  1280 chars
    P14 [other       ]  3314 chars
    P15 [other       ]  2426 chars
    P16 [other       ]  1288 chars
    P17 [other       ]   681 chars
    P18 [other       ]  1268 chars
  ★ P19 [electrical  ]  1891 chars
    P20 [other       ]  2334 chars
  ★ P21 [electrical  ]  2227 chars
  ★ P22 [electrical  ]  1294 chars
    P23 [other       ]  1224 chars
    P24 [other       ]  2177 chars
    P25 [other       ]  3016 chars
    P26 [other       ]   991 chars
    P27 [other       ]   639 chars
    P28 [other       ]   461 chars
    P29 [other       ]   234 chars
    P30 [other       ]   660 chars
    P31 [other       ]   825 chars
    P32 [other       ]   524 chars
    P33 [other       ]   656 chars

  Rendered 8 pages → 2266 KB
