============================================================
OpenDatasheet Batch Processor — Full Company IC Library
============================================================
PDF source: /home/ubuntu/.openclaw/workspace/projects/opendatasheet/data/pdfs/all
Output dir: /home/ubuntu/.openclaw/workspace/projects/opendatasheet/data/extracted_v2
Total new PDFs to process: 311


[1/311] 0130-00-00027_LT1761ES5-BYP#PBF.pdf

============================================================
Processing: 0130-00-00027_LT1761ES5-BYP#PBF.pdf
============================================================

L0 Page Classification (0.055s):
  Total pages: 22
  Electrical: 4 pages
  Pin defs:   1 pages
  Vision targets: 6 pages → [0, 1, 3, 4, 5, 13]
  ★ P 1 [cover       ]  2325 chars
  ★ P 2 [electrical  ]  3211 chars
    P 3 [other       ]  2616 chars
  ★ P 4 [electrical  ]  2535 chars
  ★ P 5 [electrical  ]  2252 chars
  ★ P 6 [electrical  ]  4254 chars
    P 7 [other       ]  1583 chars
    P 8 [other       ]  1555 chars
    P 9 [other       ]  1888 chars
    P10 [other       ]  2216 chars
    P11 [other       ]  1939 chars
    P12 [other       ]  1868 chars
    P13 [other       ]  1113 chars
  ★ P14 [pin         ]  2856 chars
    P15 [other       ]  3893 chars
    P16 [other       ]  3317 chars
    P17 [other       ]  2790 chars
    P18 [other       ]  2776 chars
    P19 [other       ]  1807 chars
    P20 [other       ]   668 chars
    P21 [other       ]   477 chars
    P22 [other       ]  1654 chars

  Rendered 6 pages → 2387 KB
